<?xml version="1.0" encoding="UTF-8"?>
<!-- Generated by org.testng.reporters.JUnitXMLReporter -->
<testsuite ignored="0" hostname="DESKTOP-JREOI09" failures="0" tests="6" name="Surefire test" time="0.051" errors="0" timestamp="2021-06-17T15:50:06 IST">
  <testcase classname="com.paractice.mymaven.AppiumTest" name="IOSapps" time="0.004"/>
  <testcase classname="com.paractice.mymaven.AppiumTest" name="NativeAppAndroid" time="0.0"/>
  <testcase classname="com.paractice.mymaven.RESTAPITest" name="deleteTwitter" time="0.0"/>
  <testcase classname="com.paractice.mymaven.RESTAPITest" name="postJira" time="0.0"/>
  <testcase classname="com.paractice.mymaven.SeleniumTest" name="browserAutomation" time="0.0"/>
  <testcase classname="com.paractice.mymaven.SeleniumTest" name="elementUI" time="0.0"/>
</testsuite> <!-- Surefire test -->
