<?xml version="1.0" encoding="UTF-8"?>
<!-- Generated by org.testng.reporters.JUnitXMLReporter -->
<testsuite ignored="0" hostname="DESKTOP-JREOI09" failures="0" tests="4" name="Test" time="0.099" errors="0" timestamp="2021-06-17T16:01:57 IST">
  <testcase classname="com.paractice.mymaven.AppiumTest" name="IOSapps" time="0.016"/>
  <testcase classname="com.paractice.mymaven.AppiumTest" name="NativeAppAndroid" time="0.0"/>
  <testcase classname="com.paractice.mymaven.RESTAPITest" name="deleteTwitter" time="0.0"/>
  <testcase classname="com.paractice.mymaven.RESTAPITest" name="postJira" time="0.0"/>
</testsuite> <!-- Test -->
