<?xml version="1.0" encoding="UTF-8"?>
<testng-results ignored="0" total="4" passed="4" failed="0" skipped="0">
  <reporter-output>
  </reporter-output>
  <suite started-at="2021-06-17T16:01:57 IST" name="Suite" finished-at="2021-06-17T16:01:57 IST" duration-ms="99">
    <groups>
    </groups>
    <test started-at="2021-06-17T16:01:57 IST" name="Test" finished-at="2021-06-17T16:01:57 IST" duration-ms="99">
      <class name="com.paractice.mymaven.RESTAPITest">
        <test-method signature="deleteTwitter()[pri:0, instance:com.paractice.mymaven.RESTAPITest@60dcc9fe]" started-at="2021-06-17T16:01:57 IST" name="deleteTwitter" finished-at="2021-06-17T16:01:57 IST" duration-ms="0" status="PASS">
          <reporter-output>
          </reporter-output>
        </test-method> <!-- deleteTwitter -->
        <test-method signature="postJira()[pri:0, instance:com.paractice.mymaven.RESTAPITest@60dcc9fe]" started-at="2021-06-17T16:01:57 IST" name="postJira" finished-at="2021-06-17T16:01:57 IST" duration-ms="0" status="PASS">
          <reporter-output>
          </reporter-output>
        </test-method> <!-- postJira -->
      </class> <!-- com.paractice.mymaven.RESTAPITest -->
      <class name="com.paractice.mymaven.AppiumTest">
        <test-method signature="IOSapps()[pri:0, instance:com.paractice.mymaven.AppiumTest@1d082e88]" started-at="2021-06-17T16:01:57 IST" name="IOSapps" finished-at="2021-06-17T16:01:57 IST" duration-ms="16" status="PASS">
          <reporter-output>
          </reporter-output>
        </test-method> <!-- IOSapps -->
        <test-method signature="NativeAppAndroid()[pri:0, instance:com.paractice.mymaven.AppiumTest@1d082e88]" started-at="2021-06-17T16:01:57 IST" name="NativeAppAndroid" finished-at="2021-06-17T16:01:57 IST" duration-ms="0" status="PASS">
          <reporter-output>
          </reporter-output>
        </test-method> <!-- NativeAppAndroid -->
      </class> <!-- com.paractice.mymaven.AppiumTest -->
    </test> <!-- Test -->
  </suite> <!-- Suite -->
</testng-results>
